d:\c++ games\sfml-rpg\sfml-rpg\debug\sfml-rpg.pch
d:\c++ games\sfml-rpg\sfml-rpg\debug\vc142.pdb
d:\c++ games\sfml-rpg\sfml-rpg\debug\vc142.idb
d:\c++ games\sfml-rpg\sfml-rpg\debug\stdafx.obj
d:\c++ games\sfml-rpg\sfml-rpg\debug\tilemap.obj
d:\c++ games\sfml-rpg\sfml-rpg\debug\tile.obj
d:\c++ games\sfml-rpg\sfml-rpg\debug\state.obj
d:\c++ games\sfml-rpg\sfml-rpg\debug\settingstate.obj
d:\c++ games\sfml-rpg\sfml-rpg\debug\pausemenustate.obj
d:\c++ games\sfml-rpg\sfml-rpg\debug\movementcomponent.obj
d:\c++ games\sfml-rpg\sfml-rpg\debug\mainmenustate.obj
d:\c++ games\sfml-rpg\sfml-rpg\debug\main.obj
d:\c++ games\sfml-rpg\sfml-rpg\debug\hitboxcomponent.obj
d:\c++ games\sfml-rpg\sfml-rpg\debug\gamestate.obj
d:\c++ games\sfml-rpg\sfml-rpg\debug\game.obj
d:\c++ games\sfml-rpg\sfml-rpg\debug\entity.obj
d:\c++ games\sfml-rpg\sfml-rpg\debug\editorstate.obj
d:\c++ games\sfml-rpg\sfml-rpg\debug\character.obj
d:\c++ games\sfml-rpg\sfml-rpg\debug\gui.obj
d:\c++ games\sfml-rpg\sfml-rpg\debug\audiocomponent.obj
d:\c++ games\sfml-rpg\sfml-rpg\debug\animationcomponent.obj
d:\c++ games\sfml-rpg\debug\sfml-rpg.ilk
d:\c++ games\sfml-rpg\debug\sfml-rpg.exe
d:\c++ games\sfml-rpg\debug\sfml-rpg.pdb
d:\c++ games\sfml-rpg\sfml-rpg\debug\sfml-rpg.tlog\cl.command.1.tlog
d:\c++ games\sfml-rpg\sfml-rpg\debug\sfml-rpg.tlog\cl.read.1.tlog
d:\c++ games\sfml-rpg\sfml-rpg\debug\sfml-rpg.tlog\cl.write.1.tlog
d:\c++ games\sfml-rpg\sfml-rpg\debug\sfml-rpg.tlog\link.command.1.tlog
d:\c++ games\sfml-rpg\sfml-rpg\debug\sfml-rpg.tlog\link.read.1.tlog
d:\c++ games\sfml-rpg\sfml-rpg\debug\sfml-rpg.tlog\link.write.1.tlog
